2024-09-23T17:03:39.267+05:30  INFO 6644 --- [email-sender] [main] c.e.emailsender.EmailSenderApplication   : Starting EmailSenderApplication using Java 17.0.11 with PID 6644 (C:\Users\kitti\OneDrive\Internship\email-sender\target\classes started by kitti in C:\Users\kitti\OneDrive\Internship\email-sender)
2024-09-23T17:03:39.270+05:30 DEBUG 6644 --- [email-sender] [main] c.e.emailsender.EmailSenderApplication   : Running with Spring Boot v3.2.10, Spring v6.1.13
2024-09-23T17:03:39.271+05:30  INFO 6644 --- [email-sender] [main] c.e.emailsender.EmailSenderApplication   : No active profile set, falling back to 1 default profile: "default"
2024-09-23T17:03:39.951+05:30  INFO 6644 --- [email-sender] [main] o.s.b.w.embedded.tomcat.TomcatWebServer  : Tomcat initialized with port 8080 (http)
2024-09-23T17:03:39.967+05:30  INFO 6644 --- [email-sender] [main] o.apache.catalina.core.StandardService   : Starting service [Tomcat]
2024-09-23T17:03:39.967+05:30  INFO 6644 --- [email-sender] [main] o.apache.catalina.core.StandardEngine    : Starting Servlet engine: [Apache Tomcat/10.1.30]
2024-09-23T17:03:40.008+05:30  INFO 6644 --- [email-sender] [main] o.a.c.c.C.[Tomcat].[localhost].[/]       : Initializing Spring embedded WebApplicationContext
2024-09-23T17:03:40.009+05:30  INFO 6644 --- [email-sender] [main] w.s.c.ServletWebServerApplicationContext : Root WebApplicationContext: initialization completed in 698 ms
2024-09-23T17:03:40.259+05:30  INFO 6644 --- [email-sender] [main] o.s.b.w.embedded.tomcat.TomcatWebServer  : Tomcat started on port 8080 (http) with context path ''
2024-09-23T17:03:40.265+05:30  INFO 6644 --- [email-sender] [main] c.e.emailsender.EmailSenderApplication   : Started EmailSenderApplication in 1.365 seconds (process running for 1.615)
2024-09-23T17:04:22.696+05:30  INFO 6644 --- [email-sender] [http-nio-8080-exec-1] o.a.c.c.C.[Tomcat].[localhost].[/]       : Initializing Spring DispatcherServlet 'dispatcherServlet'
2024-09-23T17:04:22.696+05:30  INFO 6644 --- [email-sender] [http-nio-8080-exec-1] o.s.web.servlet.DispatcherServlet        : Initializing Servlet 'dispatcherServlet'
2024-09-23T17:04:22.697+05:30  INFO 6644 --- [email-sender] [http-nio-8080-exec-1] o.s.web.servlet.DispatcherServlet        : Completed initialization in 1 ms
2024-09-23T17:04:22.739+05:30  INFO 6644 --- [email-sender] [http-nio-8080-exec-1] c.e.e.controller.EmailController         : Received request to send email to: kittilsenh@gmail.com
2024-09-23T17:04:22.742+05:30  INFO 6644 --- [email-sender] [http-nio-8080-exec-1] c.e.emailsender.service.EmailService     : Attempting to send email to: kittilsenh@gmail.com
2024-09-23T17:04:43.340+05:30  INFO 6644 --- [email-sender] [http-nio-8080-exec-6] c.e.e.controller.EmailController         : Received request to send email to: example@mail
2024-09-23T17:04:43.341+05:30  INFO 6644 --- [email-sender] [http-nio-8080-exec-6] c.e.emailsender.service.EmailService     : Attempting to send email to: example@mail
2024-09-23T17:04:51.087+05:30  INFO 6644 --- [email-sender] [http-nio-8080-exec-1] c.e.emailsender.service.EmailService     : Email sent successfully to: kittilsenh@gmail.com
2024-09-23T17:05:07.189+05:30  INFO 6644 --- [email-sender] [http-nio-8080-exec-10] c.e.e.controller.EmailController         : Received request to send email to: example@mail.coml
2024-09-23T17:05:07.190+05:30  INFO 6644 --- [email-sender] [http-nio-8080-exec-10] c.e.emailsender.service.EmailService     : Attempting to send email to: example@mail.coml
2024-09-23T17:05:10.128+05:30  INFO 6644 --- [email-sender] [http-nio-8080-exec-6] c.e.emailsender.service.EmailService     : Email sent successfully to: example@mail
